0 info it worked if it ends with ok
1 verbose cli [ '/usr/local/bin/node',
1 verbose cli   '/usr/local/bin/npm',
1 verbose cli   'install',
1 verbose cli   '-g',
1 verbose cli   'grunt-cli' ]
2 info using npm@2.14.7
3 info using node@v4.2.1
4 verbose install initial load of /usr/local/lib/package.json
5 verbose readDependencies loading dependencies from /usr/local/lib/package.json
6 silly cache add args [ 'grunt-cli', null ]
7 verbose cache add spec grunt-cli
8 silly cache add parsed spec Result {
8 silly cache add   raw: 'grunt-cli',
8 silly cache add   scope: null,
8 silly cache add   name: 'grunt-cli',
8 silly cache add   rawSpec: '',
8 silly cache add   spec: '*',
8 silly cache add   type: 'range' }
9 silly addNamed grunt-cli@*
10 verbose addNamed "*" is a valid semver range for grunt-cli
11 silly addNameRange { name: 'grunt-cli', range: '*', hasData: false }
12 silly mapToRegistry name grunt-cli
13 silly mapToRegistry using default registry
14 silly mapToRegistry registry https://registry.npmjs.org/
15 silly mapToRegistry uri https://registry.npmjs.org/grunt-cli
16 verbose addNameRange registry:https://registry.npmjs.org/grunt-cli not in flight; fetching
17 verbose request uri https://registry.npmjs.org/grunt-cli
18 verbose request no auth needed
19 info attempt registry request try #1 at 10:16:31 PM
20 verbose request id 82010443b46b3e7d
21 verbose etag "71HAU4OIOSG93CXTLZHIRKF2F"
22 http request GET https://registry.npmjs.org/grunt-cli
23 http 200 https://registry.npmjs.org/grunt-cli
24 verbose headers { server: 'CouchDB/1.6.1 (Erlang OTP/R16B03)',
24 verbose headers   etag: '"C7MGO8HQPUC2WV93QNOADV6MW"',
24 verbose headers   'content-type': 'application/json',
24 verbose headers   'content-encoding': 'gzip',
24 verbose headers   'cache-control': 'max-age=300',
24 verbose headers   'content-length': '6108',
24 verbose headers   'accept-ranges': 'bytes',
24 verbose headers   date: 'Fri, 04 Nov 2016 05:16:32 GMT',
24 verbose headers   via: '1.1 varnish',
24 verbose headers   age: '275',
24 verbose headers   connection: 'keep-alive',
24 verbose headers   'x-served-by': 'cache-lax8633-LAX',
24 verbose headers   'x-cache': 'HIT',
24 verbose headers   'x-cache-hits': '1',
24 verbose headers   'x-timer': 'S1478236592.128572,VS0,VE0',
24 verbose headers   vary: 'Accept-Encoding' }
25 silly get cb [ 200,
25 silly get   { server: 'CouchDB/1.6.1 (Erlang OTP/R16B03)',
25 silly get     etag: '"C7MGO8HQPUC2WV93QNOADV6MW"',
25 silly get     'content-type': 'application/json',
25 silly get     'content-encoding': 'gzip',
25 silly get     'cache-control': 'max-age=300',
25 silly get     'content-length': '6108',
25 silly get     'accept-ranges': 'bytes',
25 silly get     date: 'Fri, 04 Nov 2016 05:16:32 GMT',
25 silly get     via: '1.1 varnish',
25 silly get     age: '275',
25 silly get     connection: 'keep-alive',
25 silly get     'x-served-by': 'cache-lax8633-LAX',
25 silly get     'x-cache': 'HIT',
25 silly get     'x-cache-hits': '1',
25 silly get     'x-timer': 'S1478236592.128572,VS0,VE0',
25 silly get     vary: 'Accept-Encoding' } ]
26 verbose get saving grunt-cli to /Users/alexissoibelman/.npm/registry.npmjs.org/grunt-cli/.cache.json
27 silly addNameRange number 2 { name: 'grunt-cli', range: '*', hasData: true }
28 silly addNameRange versions [ 'grunt-cli',
28 silly addNameRange   [ '0.1.0',
28 silly addNameRange     '0.1.1',
28 silly addNameRange     '0.1.2',
28 silly addNameRange     '0.1.3',
28 silly addNameRange     '0.1.4',
28 silly addNameRange     '0.1.5',
28 silly addNameRange     '0.1.6',
28 silly addNameRange     '0.1.7',
28 silly addNameRange     '0.1.8',
28 silly addNameRange     '0.1.9',
28 silly addNameRange     '0.1.10',
28 silly addNameRange     '0.1.11',
28 silly addNameRange     '0.1.12',
28 silly addNameRange     '0.1.13',
28 silly addNameRange     '1.0.0-rc1',
28 silly addNameRange     '1.0.0',
28 silly addNameRange     '1.0.1',
28 silly addNameRange     '1.1.0',
28 silly addNameRange     '1.2.0' ] ]
29 silly addNamed grunt-cli@1.2.0
30 verbose addNamed "1.2.0" is a plain semver version for grunt-cli
31 silly mapToRegistry name grunt-cli
32 silly mapToRegistry using default registry
33 silly mapToRegistry registry https://registry.npmjs.org/
34 silly mapToRegistry uri https://registry.npmjs.org/grunt-cli
35 verbose addRemoteTarball https://registry.npmjs.org/grunt-cli/-/grunt-cli-1.2.0.tgz not in flight; adding
36 verbose addRemoteTarball [ 'https://registry.npmjs.org/grunt-cli/-/grunt-cli-1.2.0.tgz',
36 verbose addRemoteTarball   '562b119ebb069ddb464ace2845501be97b35b6a8' ]
37 info retry fetch attempt 1 at 10:16:32 PM
38 info attempt registry request try #1 at 10:16:32 PM
39 http fetch GET https://registry.npmjs.org/grunt-cli/-/grunt-cli-1.2.0.tgz
40 http fetch 200 https://registry.npmjs.org/grunt-cli/-/grunt-cli-1.2.0.tgz
41 silly fetchAndShaCheck shasum 562b119ebb069ddb464ace2845501be97b35b6a8
42 verbose addTmpTarball /var/folders/vr/z8_vl9t96zs7kkj3bk_l5ppw0000gn/T/npm-4060-d5a0c9d7/registry.npmjs.org/grunt-cli/-/grunt-cli-1.2.0.tgz not in flight; adding
43 verbose addTmpTarball already have metadata; skipping unpack for grunt-cli@1.2.0
44 silly cache afterAdd grunt-cli@1.2.0
45 verbose afterAdd /Users/alexissoibelman/.npm/grunt-cli/1.2.0/package/package.json not in flight; writing
46 verbose afterAdd /Users/alexissoibelman/.npm/grunt-cli/1.2.0/package/package.json written
47 silly install resolved [ { name: 'grunt-cli',
47 silly install resolved     description: 'The grunt command line interface',
47 silly install resolved     version: '1.2.0',
47 silly install resolved     author:
47 silly install resolved      { name: 'Grunt Development Team',
47 silly install resolved        url: 'http://gruntjs.com/development-team' },
47 silly install resolved     repository:
47 silly install resolved      { type: 'git',
47 silly install resolved        url: 'git+https://github.com/gruntjs/grunt-cli.git' },
47 silly install resolved     license: 'MIT',
47 silly install resolved     engines: { node: '>=0.10.0' },
47 silly install resolved     scripts: { test: 'node bin/grunt test' },
47 silly install resolved     bin: { grunt: 'bin/grunt' },
47 silly install resolved     dependencies:
47 silly install resolved      { 'findup-sync': '~0.3.0',
47 silly install resolved        'grunt-known-options': '~1.1.0',
47 silly install resolved        nopt: '~3.0.6',
47 silly install resolved        resolve: '~1.1.0' },
47 silly install resolved     devDependencies: { grunt: '~0.4.5', 'grunt-contrib-jshint': '~1.0.0' },
47 silly install resolved     files: [ 'bin', 'completion', 'lib' ],
47 silly install resolved     appveyor_id: 'prp6g944b05jsq6d',
47 silly install resolved     contributors: [ [Object], [Object], [Object], [Object] ],
47 silly install resolved     gitHead: 'edd8bd29a72f2f28b63fe2629fcb7b9d9f2feb46',
47 silly install resolved     bugs: { url: 'https://github.com/gruntjs/grunt-cli/issues' },
47 silly install resolved     homepage: 'https://github.com/gruntjs/grunt-cli#readme',
47 silly install resolved     _id: 'grunt-cli@1.2.0',
47 silly install resolved     _shasum: '562b119ebb069ddb464ace2845501be97b35b6a8',
47 silly install resolved     _from: 'grunt-cli@*',
47 silly install resolved     _npmVersion: '3.8.2',
47 silly install resolved     _nodeVersion: '4.2.3',
47 silly install resolved     _npmUser: { name: 'vladikoff', email: 'vlad@vladikoff.com' },
47 silly install resolved     dist:
47 silly install resolved      { shasum: '562b119ebb069ddb464ace2845501be97b35b6a8',
47 silly install resolved        tarball: 'https://registry.npmjs.org/grunt-cli/-/grunt-cli-1.2.0.tgz' },
47 silly install resolved     maintainers: [ [Object], [Object], [Object], [Object] ],
47 silly install resolved     _npmOperationalInternal:
47 silly install resolved      { host: 'packages-12-west.internal.npmjs.com',
47 silly install resolved        tmp: 'tmp/grunt-cli-1.2.0.tgz_1459558434299_0.8824446983635426' },
47 silly install resolved     directories: {},
47 silly install resolved     _resolved: 'https://registry.npmjs.org/grunt-cli/-/grunt-cli-1.2.0.tgz' } ]
48 info install grunt-cli@1.2.0 into /usr/local/lib
49 info installOne grunt-cli@1.2.0
50 verbose installOne of grunt-cli to /usr/local/lib not in flight; installing
51 verbose lock using /Users/alexissoibelman/.npm/_locks/grunt-cli-58f484dab06f0a30.lock for /usr/local/lib/node_modules/grunt-cli
52 silly install write writing grunt-cli 1.2.0 to /usr/local/lib/node_modules/grunt-cli
53 verbose unbuild lib/node_modules/grunt-cli
54 silly gentlyRm /usr/local/lib/node_modules/grunt-cli is being purged from base /usr/local
55 verbose gentlyRm don't care about contents; nuking /usr/local/lib/node_modules/grunt-cli
56 verbose tar unpack /Users/alexissoibelman/.npm/grunt-cli/1.2.0/package.tgz
57 verbose tar unpacking to /usr/local/lib/node_modules/grunt-cli
58 silly gentlyRm /usr/local/lib/node_modules/grunt-cli is being purged
59 verbose gentlyRm don't care about contents; nuking /usr/local/lib/node_modules/grunt-cli
60 silly gunzTarPerm modes [ '755', '644' ]
61 error tar.unpack untar error /Users/alexissoibelman/.npm/grunt-cli/1.2.0/package.tgz
62 verbose unlock done using /Users/alexissoibelman/.npm/_locks/grunt-cli-58f484dab06f0a30.lock for /usr/local/lib/node_modules/grunt-cli
63 verbose fstream_path /usr/local/lib/node_modules/grunt-cli
64 verbose fstream_type Directory
65 verbose fstream_class DirWriter
66 verbose stack Error: EACCES: permission denied, mkdir '/usr/local/lib/node_modules/grunt-cli'
66 verbose stack     at Error (native)
67 verbose fstream_stack /usr/local/lib/node_modules/npm/node_modules/fstream/lib/dir-writer.js:35:25
67 verbose fstream_stack /usr/local/lib/node_modules/npm/node_modules/mkdirp/index.js:47:53
67 verbose fstream_stack FSReqWrap.oncomplete (fs.js:82:15)
68 verbose cwd /Users/alexissoibelman/Desktop/blog
69 error Darwin 16.0.0
70 error argv "/usr/local/bin/node" "/usr/local/bin/npm" "install" "-g" "grunt-cli"
71 error node v4.2.1
72 error npm  v2.14.7
73 error path /usr/local/lib/node_modules/grunt-cli
74 error code EACCES
75 error errno -13
76 error syscall mkdir
77 error Error: EACCES: permission denied, mkdir '/usr/local/lib/node_modules/grunt-cli'
77 error     at Error (native)
77 error  { [Error: EACCES: permission denied, mkdir '/usr/local/lib/node_modules/grunt-cli']
77 error   errno: -13,
77 error   code: 'EACCES',
77 error   syscall: 'mkdir',
77 error   path: '/usr/local/lib/node_modules/grunt-cli',
77 error   fstream_type: 'Directory',
77 error   fstream_path: '/usr/local/lib/node_modules/grunt-cli',
77 error   fstream_class: 'DirWriter',
77 error   fstream_stack:
77 error    [ '/usr/local/lib/node_modules/npm/node_modules/fstream/lib/dir-writer.js:35:25',
77 error      '/usr/local/lib/node_modules/npm/node_modules/mkdirp/index.js:47:53',
77 error      'FSReqWrap.oncomplete (fs.js:82:15)' ] }
78 error Please try running this command again as root/Administrator.
79 verbose exit [ -13, true ]
80 verbose unbuild lib/node_modules/grunt-cli
81 silly gentlyRm /usr/local/lib/node_modules/grunt-cli is being purged from base /usr/local
82 verbose gentlyRm don't care about contents; nuking /usr/local/lib/node_modules/grunt-cli
